c:\users\fkuhn\documents\cse167x\hw0-windows_vs2012\hw0-windows\debug\vc140.pdb
c:\users\fkuhn\documents\cse167x\hw0-windows_vs2012\hw0-windows\debug\vc140.idb
c:\users\fkuhn\documents\cse167x\hw0-windows_vs2012\hw0-windows\debug\mytest3.obj
c:\users\fkuhn\documents\cse167x\hw0-windows_vs2012\hw0-windows\debug\shaders.obj
c:\users\fkuhn\documents\cse167x\hw0-windows_vs2012\debug\hw0-windows.ilk
c:\users\fkuhn\documents\cse167x\hw0-windows_vs2012\debug\hw0-windows.exe
c:\users\fkuhn\documents\cse167x\hw0-windows_vs2012\debug\hw0-windows.pdb
c:\users\fkuhn\documents\github\opengl\cse167x\hw0-windows_vs2012\hw0-windows\debug\mytest3.obj
c:\users\fkuhn\documents\github\opengl\cse167x\hw0-windows_vs2012\hw0-windows\debug\shaders.obj
c:\users\fkuhn\documents\github\opengl\cse167x\hw0-windows_vs2012\hw0-windows\debug\vc140.idb
c:\users\fkuhn\documents\github\opengl\cse167x\hw0-windows_vs2012\hw0-windows\debug\vc140.pdb
c:\users\fkuhn\documents\github\opengl\cse167x\hw0-windows_vs2012\debug\hw0-windows.pdb
c:\users\fkuhn\documents\github\opengl\cse167x\hw0-windows_vs2012\debug\hw0-windows.exe
c:\users\fkuhn\documents\github\opengl\cse167x\hw0-windows_vs2012\debug\hw0-windows.ilk
c:\users\fkuhn\documents\github\opengl\cse167x\hw0-windows_vs2012\hw0-windows\debug\hw0-windows.tlog\cl.command.1.tlog
c:\users\fkuhn\documents\github\opengl\cse167x\hw0-windows_vs2012\hw0-windows\debug\hw0-windows.tlog\cl.read.1.tlog
c:\users\fkuhn\documents\github\opengl\cse167x\hw0-windows_vs2012\hw0-windows\debug\hw0-windows.tlog\cl.write.1.tlog
c:\users\fkuhn\documents\github\opengl\cse167x\hw0-windows_vs2012\hw0-windows\debug\hw0-windows.tlog\link.command.1.tlog
c:\users\fkuhn\documents\github\opengl\cse167x\hw0-windows_vs2012\hw0-windows\debug\hw0-windows.tlog\link.read.1.tlog
c:\users\fkuhn\documents\github\opengl\cse167x\hw0-windows_vs2012\hw0-windows\debug\hw0-windows.tlog\link.write.1.tlog
